[1069]
[1349]
[1057]
[1493]
[1494]
[1295]
[1403]
[863]
[1062]
[770]
[1854]
[1855]
[1856]
[1857]
[1468]
[247]
[1184]
[653]
[998]
[999]
[1755]
[655]
[656]
[169]
[170]
[171]
[1119]
[1061]
[772]
[825]
[1043]
[959]
[1328]
[1807]
[1808]
[12]
[1121]
[503]
[296]
[745]
[1068]
[1717]
[1351]
[1065]
[1066]
[699]
[700]
[958]
[959]
[693]
[1120]
[1046]
[1849]
[1850]
[828]
[829]
[1780]
[1774]
[1239]
[1290]
[1802]
[1273]
[504]
[1609]
[991]
[1271]
[1415]
[1416]
[1217]
[1325]
[863]
[984]
[770]
[1776]
[1777]
[1778]
[1779]
[1390]
[247]
[1106]
[653]
[1677]
[655]
[656]
[169]
[170]
[171]
[1041]
[772]
[825]
[959]
[1250]
[1729]
[1730]
[12]
[1043]
[503]
[296]
[745]
[990]
[1639]
[1273]
[987]
[988]
[699]
[700]
[958]
[959]
[693]
[1042]
[1771]
[1772]
[828]
[829]
[1702]
[1696]
[1161]
[1212]
[1724]
[1195]
[504]
[1531]
[1033]
[1313]
[1021]
[1457]
[1458]
[1259]
[1367]
[827]
[1026]
[734]
[1818]
[1819]
[1820]
[1821]
[1432]
[247]
[1148]
[617]
[962]
[963]
[1719]
[619]
[620]
[169]
[170]
[171]
[1083]
[1025]
[736]
[789]
[1007]
[923]
[1292]
[1771]
[1772]
[12]
[1085]
[503]
[296]
[709]
[1032]
[1681]
[1315]
[1029]
[1030]
[663]
[664]
[922]
[923]
[657]
[1084]
[1010]
[1813]
[1814]
[792]
[793]
[1744]
[1738]
[1203]
[1254]
[1766]
[1237]
[504]
[1573]
[4072]
[1402]
[1403]
[3847]
[3983]
[373]
[1100]
[3221]
[821]
[4133]
[4134]
[126]
[2141]
[2142]
[3810]
[3721]
[1388]
[4511]
[4512]
[4487]
[4488]
[4489]
[4022]
[5193]
[3601]
[4880]
[1008]
[4320]
[4321]
[4322]
[4860, 5071]
[5072]
[3474]
[3475]
[4083]
[4084]
[4085]
[4086]
[3410]
[60]
[61]
[2962]
[2963]
[2964]
[3699]
[5120]
[1265]
[4129]
[4130]
[4729]
[2691]
[2692]
[2693]
[1154]
[1155]
[689]
[1488]
[1489]
[1617]
[158]
[5235]
[5236]
[257]
[2006]
[580]
[581]
[582]
[2265]
[255]
[553]
[3813]
[26]
[4980]
[3992]
[4263]
[4027]
[4393]
[4527]
[672]
[717]
[717]
[717]
[3727]
[3728]
[3481]
[3152]
[3153]
[1214]
[1215]
[1216]
[1217]
[238]
[339]
[16]
[17]
[5014]
[24]
[4022]
[4023]
[4019, 4024]
[3444]
[4009]
[4010]
[5224]
[2574]
[2575]
[3449]
[400]
[1819]
[1820]
[950]
[951]
[412]
[1956]
[4563]
[1577]
[2542]
[3160]
[4408]
[4332]
[1578]
[1579]
[2910]
[2521]
[3409]
[2068]
[2578]
[1383]
[4018]
[314]
[4022]
[3274]
[605]
[606]
[607]
[4276]
[3126]
[3127]
[4675]
[1178]
[4485]
[24]
[2694]
[4517]
[4518]
[1171]
[1172]
[698]
[3575]
[3576]
[4878]
[2717]
[4398]
[3154]
[5197]
[1576]
[3023]
[1214]
[2326]
[3710]
[3711]
[4357]
[4358]
[4359]
[4856]
[4857]
[4858]
[4979]
[2885]
[4760]
[1179]
[3820]
[3785, 3960]
[450]
[4857]
[4858]
[4051]
[4052]
[214]
[83]
[3196]
[4731]
[1926]
[1927]
[1928]
[2116]
[2117]
[2118]
[4900]
[3224]
[2388]
[4392]
[3660]
[3661]
[3662]
[3663]
[3157]
[3158]
[3159]
[687]
[3473]
[3579]
[3580]
[2141]
[2142]
[3160]
[3779]
[583]
[584]
[4535]
[4536]
[4537]
[2404]
[4239]
[4517]
[4518]
[4519]
[4520]
[4521]
[4522]
[1486]
[1034]
[4896]
[4897]
[2146]
[2650]
[2287]
[2296]
[2297]
[2298]
[2299]
[186]
[3891]
[3892]
[1763]
[4521]
[4522]
[4523]
[4524]
[2181]
[2182]
[585]
[4954]
[3758]
[3759]
[988]
[989]
[3184]
[3574]
[3575]
[3576]
[476]
[477]
[360]
[361]
[860]
[2922]
[4356]
[4357]
[201]
[407]
[2748]
[4215]
[1545]
[1546]
[3990]
[4126]
[516]
[1243]
[3364]
[964]
[4276]
[4277]
[126]
[2284]
[2285]
[3953]
[3864]
[1531]
[4654]
[4655]
[4630]
[4631]
[4632]
[4165]
[5336]
[3744]
[5023]
[1151]
[4463]
[4464]
[4465]
[5003, 5214]
[5215]
[3617]
[3618]
[4226]
[4227]
[4228]
[4229]
[3553]
[60]
[61]
[3105]
[3106]
[3107]
[3842]
[5263]
[1408]
[4272]
[4273]
[4872]
[2834]
[2835]
[2836]
[1297]
[1298]
[832]
[1631]
[1632]
[1760]
[158]
[5378]
[5379]
[257]
[2149]
[723]
[724]
[725]
[2408]
[255]
[696]
[3956]
[26]
[5123]
[4135]
[4406]
[4170]
[4536]
[4670]
[815]
[860]
[860]
[860]
[3870]
[3871]
[3624]
[3295]
[3296]
[1357]
[1358]
[1359]
[1360]
[238]
[482]
[16]
[17]
[5157]
[24, 384]
[4165]
[4166]
[4162, 4167]
[3587]
[4152]
[4153]
[5367]
[2717]
[2718]
[3592]
[543]
[1962]
[1963]
[1093]
[1094]
[555]
[2099]
[4706]
[1720]
[2685]
[3303]
[4551]
[4475]
[1721]
[1722]
[3053]
[2664]
[3552]
[2211]
[2721]
[1526]
[4161]
[457]
[4165]
[3417]
[748]
[749]
[750]
[4419]
[3269]
[3270]
[4818]
[1321]
[4628]
[24, 384]
[2837]
[4660]
[4661]
[1314]
[1315]
[841]
[3718]
[3719]
[5021]
[2860]
[4541]
[3297]
[5340]
[314]
[1719]
[3166]
[1357]
[2469]
[382]
[3853]
[3854]
[427]
[4500]
[4501]
[4502]
[4999]
[5000]
[5001]
[5122]
[3028]
[4903]
[1322]
[3963]
[3928, 4103]
[593]
[5000]
[5001]
[4194]
[4195]
[214]
[83]
[3339]
[4874]
[2069]
[2070]
[2071]
[2259]
[2260]
[2261]
[5043]
[3367]
[2531]
[4535]
[3803]
[3804]
[3805]
[3806]
[3300]
[3301]
[3302]
[830]
[3616]
[3722]
[3723]
[2284]
[2285]
[3303]
[3922]
[726]
[727]
[4678]
[4679]
[4680]
[2547]
[4382]
[4660]
[4661]
[4662]
[4663]
[4664]
[4665]
[1629]
[1177]
[5039]
[5040]
[2289]
[2793]
[2430]
[2439]
[2440]
[2441]
[2442]
[186]
[4034]
[4035]
[1906]
[4664]
[4665]
[4666]
[4667]
[2324]
[2325]
[728]
[385]
[5097]
[3901]
[3902]
[1131]
[1132]
[3327]
[3717]
[3718]
[3719]
[619]
[620]
[503]
[504]
[1003]
[3065]
[4499]
[4500]
[201]
[550]
[2891]
[3979]
[1309]
[1310]
[3754]
[3890]
[304]
[1007]
[3128]
[728]
[4040]
[4041]
[127]
[2048]
[2049]
[3717]
[3628]
[1295]
[4418]
[4419]
[4394]
[4395]
[4396]
[3929]
[5100]
[3508]
[4787]
[915]
[4227]
[4228]
[4229]
[4767, 4978]
[4979]
[3381]
[3382]
[3990]
[3991]
[3992]
[3993]
[3317]
[61]
[62]
[2869]
[2870]
[2871]
[3606]
[5027]
[1172]
[4036]
[4037]
[4636]
[2598]
[2599]
[2600]
[316]
[1061]
[1062]
[596]
[1395]
[1396]
[1524]
[159]
[5142]
[5143]
[1913]
[487]
[488]
[489]
[2172]
[460]
[3720]
[27]
[4887]
[3899]
[286]
[4170]
[3934]
[4300]
[4434]
[579]
[624]
[624]
[624]
[3634]
[3635]
[3388]
[3059]
[3060]
[1121]
[1122]
[1123]
[1124]
[17]
[18]
[4921]
[25]
[3929]
[3930]
[3926, 3931]
[3351]
[3916]
[3917]
[5131]
[2481]
[2482]
[3356]
[331]
[1726]
[1727]
[857]
[858]
[343]
[1863]
[4470]
[1484]
[2449]
[3067]
[4315]
[4239]
[1485]
[1486]
[2817]
[2428]
[3316]
[1975]
[2485]
[1290]
[3925]
[3929]
[3181]
[512]
[513]
[514]
[4183]
[3033]
[3034]
[4582]
[1085]
[4392]
[25]
[2601]
[4424]
[4425]
[1078]
[1079]
[605]
[3482]
[3483]
[4785]
[2624]
[4305]
[3061]
[5104]
[1483]
[2930]
[1121]
[2233]
[3617]
[3618]
[4264]
[4265]
[4266]
[4763]
[4764]
[4765]
[4886]
[2792]
[4667]
[1086]
[3727]
[3692, 3867]
[4764]
[4765]
[3958]
[3959]
[215]
[84]
[3103]
[4638]
[1833]
[1834]
[1835]
[2023]
[2024]
[2025]
[4807]
[3131]
[2295]
[4299]
[3567]
[3568]
[3569]
[3570]
[3064]
[3065]
[3066]
[594]
[3380]
[3486]
[3487]
[2048]
[2049]
[3067]
[3686]
[490]
[491]
[4442]
[4443]
[4444]
[2311]
[4146]
[4424]
[4425]
[4426]
[4427]
[4428]
[4429]
[1393]
[941]
[4803]
[4804]
[2053]
[2557]
[2194]
[2203]
[2204]
[2205]
[2206]
[187]
[3798]
[3799]
[1670]
[4428]
[4429]
[4430]
[4431]
[2088]
[2089]
[492]
[4861]
[3665]
[3666]
[895]
[896]
[3091]
[3481]
[3482]
[3483]
[383]
[384]
[767]
[2829]
[4263]
[4264]
[202]
[338]
[2655]
[4054]
[1384]
[1385]
[3829]
[3965]
[374]
[1082]
[3203]
[803]
[4115]
[4116]
[127]
[2123]
[2124]
[3792]
[3703]
[1370]
[4493]
[4494]
[4469]
[4470]
[4471]
[4004]
[5175]
[3583]
[4862]
[990]
[4302]
[4303]
[4304]
